\BOOKMARK [1][-]{section.1}{Fondamenti}{}% 1
\BOOKMARK [2][-]{subsection.1.1}{Introduzione\040al\040corso}{section.1}% 2
\BOOKMARK [3][-]{subsubsection.1.1.1}{Requisiti}{subsection.1.1}% 3
\BOOKMARK [3][-]{subsubsection.1.1.2}{Programma\040del\040corso}{subsection.1.1}% 4
\BOOKMARK [3][-]{subsubsection.1.1.3}{Struttura\040del\040modulo}{subsection.1.1}% 5
\BOOKMARK [3][-]{subsubsection.1.1.4}{Modalit\340\040di\040esame}{subsection.1.1}% 6
\BOOKMARK [2][-]{subsection.1.2}{Il\040ruolo\040degli\040algoritmi\040nell'informatica}{section.1}% 7
\BOOKMARK [3][-]{subsubsection.1.2.1}{Cos'\350\040un\040algoritmo?}{subsection.1.2}% 8
\BOOKMARK [2][-]{subsection.1.3}{Esempio\040di\040algoritmo\040ricorsivo}{section.1}% 9
\BOOKMARK [2][-]{subsection.1.4}{Esempi\040di\040problemi\040computazionali\040da\040risolvere\040in\040aula}{section.1}% 10
\BOOKMARK [1][-]{section.2}{InsertionSort\040e\040MergeSort}{}% 11
\BOOKMARK [2][-]{subsubsection.2.0.1}{InsertionSort}{section.2}% 12
\BOOKMARK [2][-]{subsection.2.1}{MergeSort}{section.2}% 13
\BOOKMARK [3][-]{subsubsection.2.1.1}{Metodo\040Divide\040et\040Impera}{subsection.2.1}% 14
\BOOKMARK [3][-]{subsubsection.2.1.2}{Descrizione\040dell'algoritmo}{subsection.2.1}% 15
\BOOKMARK [3][-]{subsubsection.2.1.3}{Pseudocodice}{subsection.2.1}% 16
\BOOKMARK [3][-]{subsubsection.2.1.4}{Correttezza:\040Invariante\040di\040ciclo\040di\040Merge}{subsection.2.1}% 17
\BOOKMARK [3][-]{subsubsection.2.1.5}{Complessit\340}{subsection.2.1}% 18
\BOOKMARK [3][-]{subsubsection.2.1.6}{Confronto\040con\040InsertionSort}{subsection.2.1}% 19
\BOOKMARK [1][-]{section.3}{Notazione\040Asintotica}{}% 20
\BOOKMARK [2][-]{subsection.3.1}{Introduzione}{section.3}% 21
\BOOKMARK [2][-]{subsection.3.2}{Notazione\040O\040\204\040Limite\040superiore}{section.3}% 22
\BOOKMARK [2][-]{subsection.3.3}{Notazione\040Omega\040\204\040Limite\040inferiore}{section.3}% 23
\BOOKMARK [2][-]{subsection.3.4}{Notazione\040Theta\040\204\040Limite\040stretto}{section.3}% 24
\BOOKMARK [2][-]{subsection.3.5}{Uso\040nelle\040equazioni\040e\040disequazioni}{section.3}% 25
\BOOKMARK [2][-]{subsection.3.6}{Propriet\340\040di\040confronto\040tra\040funzioni}{section.3}% 26
\BOOKMARK [2][-]{subsection.3.7}{Limiti\040asintotici\040delle\040funzioni\040elementari}{section.3}% 27
\BOOKMARK [2][-]{subsection.3.8}{Equazioni\040e\040disequazioni\040asintotiche}{section.3}% 28
\BOOKMARK [2][-]{subsection.3.9}{Propriet\340\040delle\040notazioni\040asintotiche}{section.3}% 29
\BOOKMARK [2][-]{subsection.3.10}{Limiti\040asintotici\040delle\040funzioni\040elementari}{section.3}% 30
\BOOKMARK [1][-]{section.4}{Divide\040et\040Impera}{}% 31
\BOOKMARK [2][-]{subsection.4.1}{Idea\040Generale}{section.4}% 32
\BOOKMARK [2][-]{subsection.4.2}{Schema\040Generale}{section.4}% 33
\BOOKMARK [2][-]{subsection.4.3}{Costo\040Computazionale}{section.4}% 34
\BOOKMARK [2][-]{subsection.4.4}{Esempi\040di\040Applicazione}{section.4}% 35
\BOOKMARK [3][-]{subsubsection.4.4.1}{Ricorsione\040o\040iterazione?}{subsection.4.4}% 36
\BOOKMARK [3][-]{subsubsection.4.4.2}{Problema\040Prodotto\040\204\040Algoritmo\040di\040Karatsuba}{subsection.4.4}% 37
\BOOKMARK [3][-]{subsubsection.4.4.3}{Tabella\040di\040esempi\040divide\040et\040impera}{subsection.4.4}% 38
\BOOKMARK [3][-]{subsubsection.4.4.4}{Prodotto\040di\040Interi\040Grandi}{subsection.4.4}% 39
\BOOKMARK [3][-]{subsubsection.4.4.5}{MergeSort}{subsection.4.4}% 40
\BOOKMARK [3][-]{subsubsection.4.4.6}{Massimo\040SottoArray}{subsection.4.4}% 41
\BOOKMARK [2][-]{subsection.4.5}{Equazioni\040di\040Ricorrenza}{section.4}% 42
\BOOKMARK [3][-]{subsubsection.4.5.1}{Metodo\040di\040Sostituzione}{subsection.4.5}% 43
\BOOKMARK [3][-]{subsubsection.4.5.2}{Metodo\040dell'Albero\040di\040Ricorsione}{subsection.4.5}% 44
\BOOKMARK [3][-]{subsubsection.4.5.3}{Metodo\040dell'Esperto}{subsection.4.5}% 45
\BOOKMARK [2][-]{subsection.4.6}{Riepilogo:\040Problemi\040risolvibili\040con\040Divide\040et\040Impera}{section.4}% 46
\BOOKMARK [1][-]{section.5}{Analisi\040Probabilistica\040e\040Algoritmi\040Randomizzati}{}% 47
\BOOKMARK [2][-]{subsection.5.1}{Preliminari:\040variabili\040casuali\040indicatrici}{section.5}% 48
\BOOKMARK [2][-]{subsection.5.2}{Analisi\040probabilistica:\040il\040Problema\040delle\040Assunzioni}{section.5}% 49
\BOOKMARK [2][-]{subsection.5.3}{Algoritmi\040randomizzati}{section.5}% 50
\BOOKMARK [2][-]{subsection.5.4}{Permutazione\040casuale:\040RandomizeInPlace}{section.5}% 51
\BOOKMARK [2][-]{subsection.5.5}{QuickSort}{section.5}% 52
\BOOKMARK [2][-]{subsection.5.6}{Idea\040Generale}{section.5}% 53
\BOOKMARK [2][-]{subsection.5.7}{Partition\(A,\040p,\040r\)}{section.5}% 54
\BOOKMARK [3][-]{subsubsection.5.7.1}{Invariante\040di\040ciclo\040di\040Partition}{subsection.5.7}% 55
\BOOKMARK [2][-]{subsection.5.8}{Analisi\040di\040Complessit\340\040di\040QuickSort}{section.5}% 56
\BOOKMARK [3][-]{subsubsection.5.8.1}{Caso\040peggiore}{subsection.5.8}% 57
\BOOKMARK [3][-]{subsubsection.5.8.2}{Caso\040migliore}{subsection.5.8}% 58
\BOOKMARK [3][-]{subsubsection.5.8.3}{Verso\040il\040caso\040medio}{subsection.5.8}% 59
\BOOKMARK [2][-]{subsection.5.9}{QuickSort\040Randomizzato}{section.5}% 60
\BOOKMARK [2][-]{subsection.5.10}{Analisi\040del\040Caso\040Medio\040di\040QuickSort}{section.5}% 61
\BOOKMARK [1][-]{section.6}{Statistiche\040d'Ordine\040e\040Selezione}{}% 62
\BOOKMARK [2][-]{subsection.6.1}{Definizioni}{section.6}% 63
\BOOKMARK [2][-]{subsection.6.2}{Problema\040della\040Selezione}{section.6}% 64
\BOOKMARK [2][-]{subsection.6.3}{Minimo,\040Massimo\040e\040MinMax}{section.6}% 65
\BOOKMARK [2][-]{subsection.6.4}{Idea\040Divide\040et\040Impera\040per\040la\040Selezione}{section.6}% 66
\BOOKMARK [2][-]{subsection.6.5}{RandSelect}{section.6}% 67
\BOOKMARK [2][-]{subsection.6.6}{Analisi\040della\040Complessit\340\040di\040RandSelect}{section.6}% 68
\BOOKMARK [3][-]{subsubsection.6.6.1}{Caso\040peggiore}{subsection.6.6}% 69
\BOOKMARK [3][-]{subsubsection.6.6.2}{Caso\040medio}{subsection.6.6}% 70
\BOOKMARK [1][-]{section.7}{HeapSort}{}% 71
\BOOKMARK [2][-]{subsection.7.1}{Idea\040Generale}{section.7}% 72
\BOOKMARK [2][-]{subsection.7.2}{Struttura\040Dati\040Heap}{section.7}% 73
\BOOKMARK [3][-]{subsubsection.7.2.1}{Navigazione\040dell'albero\040tramite\040indici}{subsection.7.2}% 74
\BOOKMARK [3][-]{subsubsection.7.2.2}{Tipi\040di\040heap\040e\040propriet\340}{subsection.7.2}% 75
\BOOKMARK [3][-]{subsubsection.7.2.3}{Altezza\040dello\040heap}{subsection.7.2}% 76
\BOOKMARK [3][-]{subsubsection.7.2.4}{Operazioni\040fondamentali\040sullo\040heap}{subsection.7.2}% 77
\BOOKMARK [2][-]{subsection.7.3}{MaxHeapify}{section.7}% 78
\BOOKMARK [3][-]{subsubsection.7.3.1}{Analisi\040di\040complessit\340\040di\040MaxHeapify}{subsection.7.3}% 79
\BOOKMARK [2][-]{subsection.7.4}{BuildMaxHeap}{section.7}% 80
\BOOKMARK [3][-]{subsubsection.7.4.1}{Correttezza\040di\040BuildMaxHeap}{subsection.7.4}% 81
\BOOKMARK [3][-]{subsubsection.7.4.2}{Complessit\340\040di\040BuildMaxHeap}{subsection.7.4}% 82
\BOOKMARK [2][-]{subsection.7.5}{Algoritmo\040HeapSort}{section.7}% 83
\BOOKMARK [3][-]{subsubsection.7.5.1}{Correttezza\040di\040HeapSort}{subsection.7.5}% 84
\BOOKMARK [3][-]{subsubsection.7.5.2}{Complessit\340\040di\040HeapSort}{subsection.7.5}% 85
\BOOKMARK [2][-]{subsection.7.6}{Code\040di\040Priorit\340}{section.7}% 86
\BOOKMARK [3][-]{subsubsection.7.6.1}{Operazioni\040fondamentali}{subsection.7.6}% 87
\BOOKMARK [3][-]{subsubsection.7.6.2}{Implementazione\040delle\040operazioni}{subsection.7.6}% 88
\BOOKMARK [1][-]{section.8}{Ordinamento\040in\040Tempo\040Lineare}{}% 89
\BOOKMARK [2][-]{subsection.8.1}{Limiti\040Inferiori\040per\040l'Ordinamento}{section.8}% 90
\BOOKMARK [3][-]{subsubsection.8.1.1}{Alberi\040di\040Decisione}{subsection.8.1}% 91
\BOOKMARK [3][-]{subsubsection.8.1.2}{Limite\040Inferiore\040per\040il\040Caso\040Peggiore}{subsection.8.1}% 92
\BOOKMARK [2][-]{subsection.8.2}{Counting\040Sort}{section.8}% 93
\BOOKMARK [3][-]{subsubsection.8.2.1}{Idea\040Generale}{subsection.8.2}% 94
\BOOKMARK [3][-]{subsubsection.8.2.2}{Algoritmo}{subsection.8.2}% 95
\BOOKMARK [3][-]{subsubsection.8.2.3}{Esempio\040Visivo}{subsection.8.2}% 96
\BOOKMARK [3][-]{subsubsection.8.2.4}{Complessit\340}{subsection.8.2}% 97
\BOOKMARK [3][-]{subsubsection.8.2.5}{Stabilit\340}{subsection.8.2}% 98
\BOOKMARK [2][-]{subsection.8.3}{Bucket\040Sort}{section.8}% 99
\BOOKMARK [3][-]{subsubsection.8.3.1}{Idea\040Generale}{subsection.8.3}% 100
\BOOKMARK [3][-]{subsubsection.8.3.2}{Algoritmo}{subsection.8.3}% 101
\BOOKMARK [3][-]{subsubsection.8.3.3}{Esempio\040Visivo}{subsection.8.3}% 102
\BOOKMARK [3][-]{subsubsection.8.3.4}{Correttezza}{subsection.8.3}% 103
\BOOKMARK [3][-]{subsubsection.8.3.5}{Complessit\340:\040Analisi\040del\040Caso\040Medio}{subsection.8.3}% 104
\BOOKMARK [2][-]{subsection.8.4}{Confronto\040tra\040gli\040Algoritmi}{section.8}% 105
\BOOKMARK [1][-]{section.9}{Hashing\040e\040Tabelle\040Hash}{}% 106
\BOOKMARK [2][-]{subsection.9.1}{Tavole\040a\040indirizzamento\040diretto}{section.9}% 107
\BOOKMARK [2][-]{subsection.9.2}{Tabelle\040hash}{section.9}% 108
\BOOKMARK [2][-]{subsection.9.3}{Funzioni\040hash:\040scelta\040e\040qualit\340}{section.9}% 109
\BOOKMARK [3][-]{subsubsection.9.3.1}{Conversione\040verso\040gli\040interi}{subsection.9.3}% 110
\BOOKMARK [2][-]{subsection.9.4}{Hashing\040statico}{section.9}% 111
\BOOKMARK [3][-]{subsubsection.9.4.1}{Metodo\040della\040divisione}{subsection.9.4}% 112
\BOOKMARK [3][-]{subsubsection.9.4.2}{Metodo\040della\040moltiplicazione}{subsection.9.4}% 113
\BOOKMARK [3][-]{subsubsection.9.4.3}{Metodo\040moltiplica-e-scorri}{subsection.9.4}% 114
\BOOKMARK [2][-]{subsection.9.5}{Hashing\040randomizzato}{section.9}% 115
\BOOKMARK [2][-]{subsection.9.6}{Gestione\040delle\040collisioni}{section.9}% 116
\BOOKMARK [3][-]{subsubsection.9.6.1}{Risoluzione\040mediante\040concatenamento}{subsection.9.6}% 117
\BOOKMARK [3][-]{subsubsection.9.6.2}{Risoluzione\040mediante\040indirizzamento\040aperto}{subsection.9.6}% 118
\BOOKMARK [3][-]{subsubsection.9.6.3}{Ispezione\040lineare}{subsection.9.6}% 119
\BOOKMARK [3][-]{subsubsection.9.6.4}{Doppio\040hashing}{subsection.9.6}% 120
\BOOKMARK [1][-]{section.10}{Pu\362\040tornare\040utile}{}% 121
\BOOKMARK [2][-]{subsection.10.1}{Appendice\040A\040\(Sommatorie\)}{section.10}% 122
\BOOKMARK [3][-]{subsubsection.10.1.1}{Formule\040fondamentali}{subsection.10.1}% 123
\BOOKMARK [3][-]{subsubsection.10.1.2}{Serie\040geometrica}{subsection.10.1}% 124
\BOOKMARK [3][-]{subsubsection.10.1.3}{Serie\040armonica}{subsection.10.1}% 125
\BOOKMARK [3][-]{subsubsection.10.1.4}{Tecniche\040di\040manipolazione}{subsection.10.1}% 126
\BOOKMARK [3][-]{subsubsection.10.1.5}{Approssimazione\040con\040integrali}{subsection.10.1}% 127
\BOOKMARK [2][-]{subsection.10.2}{Appendice\040B\040\(Insiemi,\040relazioni,\040funzioni,\040grafi,\040alberi\)}{section.10}% 128
\BOOKMARK [3][-]{subsubsection.10.2.1}{Insiemi}{subsection.10.2}% 129
\BOOKMARK [3][-]{subsubsection.10.2.2}{Relazioni}{subsection.10.2}% 130
\BOOKMARK [3][-]{subsubsection.10.2.3}{Funzioni}{subsection.10.2}% 131
\BOOKMARK [3][-]{subsubsection.10.2.4}{Grafi}{subsection.10.2}% 132
\BOOKMARK [3][-]{subsubsection.10.2.5}{Alberi}{subsection.10.2}% 133
\BOOKMARK [2][-]{subsection.10.3}{Appendice\040C\040\(Calcolo\040combinatorio\040e\040probabilit\340\)}{section.10}% 134
\BOOKMARK [3][-]{subsubsection.10.3.1}{Principi\040di\040conteggio}{subsection.10.3}% 135
\BOOKMARK [3][-]{subsubsection.10.3.2}{Permutazioni\040e\040combinazioni}{subsection.10.3}% 136
\BOOKMARK [3][-]{subsubsection.10.3.3}{Probabilit\340}{subsection.10.3}% 137
\BOOKMARK [3][-]{subsubsection.10.3.4}{Probabilit\340\040condizionata\040e\040indipendenza}{subsection.10.3}% 138
\BOOKMARK [3][-]{subsubsection.10.3.5}{Variabili\040casuali\040e\040valore\040atteso}{subsection.10.3}% 139
\BOOKMARK [2][-]{subsection.10.4}{Appendice\040D\040\(Matrici\)}{section.10}% 140
\BOOKMARK [3][-]{subsubsection.10.4.1}{Definizioni\040base}{subsection.10.4}% 141
\BOOKMARK [3][-]{subsubsection.10.4.2}{Operazioni\040fondamentali}{subsection.10.4}% 142
\BOOKMARK [3][-]{subsubsection.10.4.3}{Propriet\340\040del\040prodotto}{subsection.10.4}% 143
\BOOKMARK [3][-]{subsubsection.10.4.4}{Determinante\040e\040matrice\040inversa}{subsection.10.4}% 144
\BOOKMARK [3][-]{subsubsection.10.4.5}{Applicazioni\040agli\040algoritmi}{subsection.10.4}% 145
\BOOKMARK [2][-]{subsection.10.5}{Domande\040d'esame\040\(Appello\0402\)}{section.10}% 146
